<?xml version="1.0" encoding="UTF-8"?>
<!-- Generated by org.testng.reporters.JUnitReportReporter -->
<testsuite hostname="LAPTOP-GIUIODQ0" failures="0" tests="5" name="com.asses.runner.CucumberRunner" time="46.252" errors="0" timestamp="2023-08-09T10:28:01 IST" skipped="0">
  <testcase classname="com.asses.runner.CucumberRunner" name="runScenario" time="0.038"/>
  <system-out/>
  <testcase classname="com.asses.runner.CucumberRunner" name="runScenario" time="30.209"/>
  <system-out/>
  <testcase classname="com.asses.runner.CucumberRunner" name="runScenario" time="0.635"/>
  <system-out/>
  <testcase classname="com.asses.runner.CucumberRunner" name="runScenario" time="11.459"/>
  <system-out/>
  <testcase classname="com.asses.runner.CucumberRunner" name="runScenario" time="3.911"/>
  <system-out/>
</testsuite> <!-- com.asses.runner.CucumberRunner -->
